ucliGUI::start /gaia/class/cs2731/cs27314/term_project/simv -ucligui 
set ucliGUI::state
set ucliGUI::state
ucliCore::getToolPID
synopsys::env hasTB
trigger_hier_stack_context_switch 0
synUtils::setDVEInitPhase 1
synopsys::dump -type VPD -file /gaia/class/cs2731/cs27314/term_project/inter.vpd -locking
synopsys::dump -autoflush on -fid VPD1
set ::dve_fid VPD1
synUtils::setDVEInitPhase 0
ucliCore::getToolPID
synUtils::sendTool -active _icl_setToolSocket /tmp/smlnp3Avwo3
synUtils::sendTool -active {_icl_start_rpc -version "O-2018.09-SP2-3_Full64" -sync_file /tmp/vcs_dve_rpc.cs27314.23241}
synUtils::sendTool -active {_icl_createSharedMemory /tmp/vcs_dve_general.cs27314.23241}
config endofsim noexit
config onfail enable all
config syscaddplainmembers
config syscaddsourcenames
config syscaddstructtypes
synopsys::listing -disable
# Begin_DVE_Session_Save_Info
# DVE restart session
# Saved on Mon May 3 11:49:37 2021
# Designs open: 1
#   Sim: /gaia/class/cs2731/cs27314/term_project/simv
# Toplevel windows open: 1
# 	TopLevel.1
#   Source.1: receiver_fixture.rf
#   Group count = 0
# End_DVE_Session_Save_Info
# DVE version: O-2018.09-SP2-3_Full64
# DVE build date: Jun  6 2019 22:02:29
#<Session mode="Restart" path=".restartSimSession.tcl" type="Debug">
# Application preferences
#<WindowLayout>
# DVE top-level session
# Create and position top-level window: TopLevel.1
set TopLevel.1 TopLevel.1
# Docked window settings
set HSPane.1 HSPane.1
set Hier.1 Hier.1
set DLPane.1 DLPane.1
set Data.1 Data.1
set Console.1 Console.1
# MDI window settings
set Source.1 Source.1
# End MDI window settings
#</WindowLayout>
#<Database>
#</Database>
# DVE Global setting session:
# Global: Breakpoints
# Global: Bus
# Global: Expressions
# Global: Signal Time Shift
# Global: Signal Compare
# Global: Signal Groups
# Global: Highlighting
# Global: Stack
synopsys::xml {set_only_active_frame <data value="1" />}
# Post database loading setting...
# Save global setting...
# Wave/List view global setting
# Close all empty TopLevel windows
foreach __top [gui_ekki_get_window_ids -type TopLevel] {     if { [llength [gui_ekki_get_window_ids -parent $__top]] == 0} {         gui_close_window -window $__top     } }
# DVE View/pane content session:
# Hier 'Hier.1'
catch {gui_list_select -id ${Hier.1} {receiver_fixture}}
# Data 'Data.1'
catch { gui_list_select -id ${Data.1} {receiver_fixture.stop_packet_send }}
# Source 'Source.1'
# Restore toplevel window zorder
# The toplevel window could be closed if it has no view/pane
if {[gui_exist_window -window ${TopLevel.1}]} { 	gui_set_active_window -window ${TopLevel.1} 	gui_set_active_window -window ${Source.1} 	gui_set_active_window -window ${DLPane.1} }
#</Session>
synopsys::next
set ucliGUI::state
set ucliGUI::state
synopsys::next
set ucliGUI::state
set ucliGUI::state
synopsys::next
set ucliGUI::state
set ucliGUI::state
if [catch {gui_sim_terminate}] {gui_sim_terminate -kill}
synopsys::finish
set ucliGUI::state
set ucliGUI::state
ucli_exit
