# Preference setting overrides
gui_create_pref_key -category {Globals} -key {load_detail_for_funcov} -value_type {bool} -value {false}

# State setting overrides
gui_state_default_create -off -ini
gui_set_state_value -category Globals -key recent_databases -value {{gui_open_db -file /gaia/class/cs2731/cs27314/assignment4/vcdplus.vpd -design V1} {gui_open_db -file /gaia/class/cs2731/cs27314/assignment3/vcdplus.vpd -design V1} {gui_open_db -file /gaia/class/cs2731/cs27314/assignment2/vcdplus.vpd -design V1} {gui_open_db -file /gaia/class/cs2731/cs27314/assignment1/vcdplus.vpd -design V1}}
gui_set_state_value -category Layout -key child_console_size_x -value 1533
gui_set_state_value -category Layout -key child_console_size_y -value 170
gui_set_state_value -category Layout -key child_data_coltype -value 37
gui_set_state_value -category Layout -key child_data_colvalue -value 53
gui_set_state_value -category Layout -key child_data_colvariable -value 152
gui_set_state_value -category Layout -key child_data_size_x -value 251
gui_set_state_value -category Layout -key child_data_size_y -value 569
gui_set_state_value -category Layout -key child_hier_col3 -value {-1}
gui_set_state_value -category Layout -key child_hier_colhier -value 120
gui_set_state_value -category Layout -key child_hier_colpd -value 0
gui_set_state_value -category Layout -key child_hier_coltype -value 10
gui_set_state_value -category Layout -key child_hier_size_x -value 126
gui_set_state_value -category Layout -key child_hier_size_y -value 569
gui_set_state_value -category Layout -key child_source_docknewline -value false
gui_set_state_value -category Layout -key child_source_pos_x -value {-2}
gui_set_state_value -category Layout -key child_source_pos_y -value {-15}
gui_set_state_value -category Layout -key child_source_size_x -value 1159
gui_set_state_value -category Layout -key child_source_size_y -value 564
gui_set_state_value -category Layout -key child_wave_colname -value 220
gui_set_state_value -category Layout -key child_wave_colvalue -value 220
gui_set_state_value -category Layout -key child_wave_left -value 445
gui_set_state_value -category Layout -key child_wave_right -value 1085
gui_set_state_value -category Layout -key main_pos_x -value 8
gui_set_state_value -category Layout -key main_pos_y -value 31
gui_set_state_value -category Layout -key main_size_x -value 1541
gui_set_state_value -category Layout -key main_size_y -value 869
gui_set_state_value -category Layout -key stand_wave_child_docknewline -value false
gui_set_state_value -category Layout -key stand_wave_child_pos_x -value {-2}
gui_set_state_value -category Layout -key stand_wave_child_pos_y -value {-15}
gui_set_state_value -category Layout -key stand_wave_child_size_x -value 1540
gui_set_state_value -category Layout -key stand_wave_child_size_y -value 736
gui_set_state_value -category Layout -key stand_wave_top_pos_x -value 0
gui_set_state_value -category Layout -key stand_wave_top_pos_y -value 23
gui_set_state_value -category Layout -key stand_wave_top_size_x -value 1535
gui_set_state_value -category Layout -key stand_wave_top_size_y -value 863
gui_create_state_key -category FindDialog -key m_pMatchCase -value_type bool -value false
gui_create_state_key -category FindDialog -key m_pMatchWord -value_type bool -value false
gui_create_state_key -category FindDialog -key m_pUseCombo -value_type string -value {}
gui_create_state_key -category FindDialog -key m_pWrapAround -value_type bool -value true
gui_state_default_create -off

# Begin command logging
gui_sim_run Ucli -exe simv -args {-ucligui  } -dir .
gui_sim_next 
gui_sim_next 
gui_sim_next 
gui_sim_next 
gui_sim_next 
gui_sim_next 
gui_sim_next 
gui_sim_next 
gui_sim_next 
gui_sim_next 
gui_sim_next 
gui_sim_next 
gui_sim_next 
gui_sim_next 
gui_sim_next 
gui_sim_next 
gui_sim_next 
gui_sim_next 
gui_sim_next 
gui_sim_next 
gui_sim_next 
gui_sim_next 
gui_sim_next 
gui_sim_next 
gui_sim_next 
gui_sim_next 
gui_sim_next 
gui_sim_next 
gui_sim_next 
gui_sim_next 
gui_sim_next 
gui_sim_next 
gui_sim_next 
gui_sim_next 
gui_sim_next 
gui_sim_next 
gui_sim_next 
gui_sim_next 
gui_list_select -id Data.1 -selected  { receiver_fixture.packet_valid_i   }
gui_data_value_annotate -id Data.1 -selected
gui_list_select -id Data.1 -selected  { receiver_fixture.stop_packet_send   }
gui_data_value_annotate -id Data.1 -selected
gui_sim_next 
gui_sim_next 
gui_sim_next 
gui_sim_next 
gui_sim_next 
gui_sim_next 
gui_sim_next 
gui_sim_next 
gui_sim_next 
gui_sim_next 
gui_sim_next 
gui_sim_next 
gui_sim_next 
gui_sim_next 
gui_sim_next 
gui_sim_next 
gui_set_env SIMSETUP::SIMCURRENTDIR /gaia/class/cs2731/cs27314/term_project
gui_sim_restart
gui_sim_next 
gui_sim_next 
gui_sim_next 
