11:49:38    473 --> ...                                                                                              [tcl] ucliGUI::start /gaia/class/cs2731/cs27314/term_project/simv -ucligui 
11:49:38    474 --> ...                                                                                                  [tcl] set ucliGUI::state
11:49:38    475 --> ...  [tcl] gui_update_simulator_buttons
11:49:39    476 --> ...      [tcl] set ucliGUI::state
11:49:39    477 --> ...          [tcl] ucliCore::getToolPID
11:49:39    478 --> ...              [tcl] synopsys::env hasTB
11:49:39    479 --> ...                  [tcl] trigger_hier_stack_context_switch 0
11:49:39    480 --> ...                      [tcl] synUtils::setDVEInitPhase 1
11:49:39    481 --> ...                          [tcl] gui_get_env SIMSETUP::SIMVPD
11:49:39    482 --> ...                              [tcl] synopsys::dump -type VPD -file /gaia/class/cs2731/cs27314/term_project/inter.vpd -locking
11:49:39    483 --> ...                                  [tcl] synopsys::dump -autoflush on -fid VPD1
11:49:39    484 --> ...                                      [tcl] set ::dve_fid VPD1
11:49:39    485 --> ...                                          [tcl] synUtils::setDVEInitPhase 0
11:49:39    486 --> ...                                              [tcl] ucliCore::getToolPID
11:49:39    487 --> ...                                                  [tcl] synUtils::sendTool -active _icl_setToolSocket /tmp/smlnp3Avwo3
11:49:39    488 --> ...                                                      [tcl] synUtils::sendTool -active {_icl_start_rpc -version "O-2018.09-SP2-3_Full64" -sync_file /tmp/vcs_dve_rpc.cs27314.23241}
11:49:39    489 --> ...                                                          [tcl] synUtils::sendTool -active {_icl_createSharedMemory /tmp/vcs_dve_general.cs27314.23241}
11:49:39    490 --> ...                                                              [tcl] config endofsim noexit
11:49:39    491 --> ...                                                                  [tcl] config onfail enable all
11:49:39    492 --> ...                                                                      [tcl] config syscaddplainmembers
11:49:39    493 --> ...                                                                          [tcl] config syscaddsourcenames
11:49:39    494 --> ...                                                                              [tcl] config syscaddstructtypes
11:49:39    495 --> ...                                                                                  [tcl] synopsys::listing -disable
11:49:39    496 --> ...                                                                                      [tcl] # Begin_DVE_Session_Save_Info
11:49:39    497 --> ...                                                                                          [tcl] # DVE restart session
11:49:39    498 --> ...                                                                                              [tcl] # Saved on Mon May 3 11:49:37 2021
11:49:39    499 --> ...                                                                                                  [tcl] # Designs open: 1
11:49:39    500 --> ...  [tcl] #   Sim: /gaia/class/cs2731/cs27314/term_project/simv
11:49:39    501 --> ...      [tcl] # Toplevel windows open: 1
11:49:39    502 --> ...          [tcl] # 	TopLevel.1
11:49:39    503 --> ...              [tcl] #   Source.1: receiver_fixture.rf
11:49:39    504 --> ...                  [tcl] #   Group count = 0
11:49:39    505 --> ...                      [tcl] # End_DVE_Session_Save_Info
11:49:39    506 --> ...                          [tcl] # DVE version: O-2018.09-SP2-3_Full64
11:49:39    507 --> ...                              [tcl] # DVE build date: Jun  6 2019 22:02:29
11:49:39    508 --> ...                                  [tcl] #<Session mode="Restart" path=".restartSimSession.tcl" type="Debug">
11:49:39    509 --> ...                                      [tcl] gui_set_loading_session_type Restart
11:49:39    510 --> ...                                          [tcl] gui_continuetime_set
11:49:39    511 --> ...                                              [tcl] gui_clear_window -type Wave
11:49:39    512 --> ...                                                  [tcl] gui_clear_window -type List
11:49:39    513 --> ...                                                      [tcl] # Application preferences
11:49:39    514 --> ...                                                          [tcl] gui_set_pref_value -key app_default_font -value {Helvetica,10,-1,5,50,0,0,0,0,0}
11:49:39    515 --> ...                                                              [tcl] gui_src_preferences -tabstop 8 -maxbits 24 -windownumber 1
11:49:39    516 --> ...                                                                  [tcl] #<WindowLayout>
11:49:39    517 --> ...                                                                      [tcl] # DVE top-level session
11:49:39    518 --> ...                                                                          [tcl] # Create and position top-level window: TopLevel.1
11:49:39    519 --> ...                                                                              [tcl] set TopLevel.1 TopLevel.1
11:49:39    520 --> ...                                                                                  [tcl] # Docked window settings
11:49:39    521 --> ...                                                                                      [tcl] set HSPane.1 HSPane.1
11:49:39    522 --> ...                                                                                          [tcl] set Hier.1 Hier.1
11:49:39    523 --> ...                                                                                              [tcl] set DLPane.1 DLPane.1
11:49:39    524 --> ...                                                                                                  [tcl] set Data.1 Data.1
11:49:39    525 --> ...  [tcl] set Console.1 Console.1
11:49:39    526 --> ...      [tcl] gui_sync_global -id ${TopLevel.1} -option true
11:49:39    527 --> ...          [tcl] # MDI window settings
11:49:39    528 --> ...              [tcl] set Source.1 Source.1
11:49:39    529 --> ...                  [tcl] gui_update_layout -id ${Source.1} {{show_state maximized} {dock_state undocked} {dock_on_new_line false}}
11:49:39    530 --> ...                      [tcl] # End MDI window settings
11:49:39    531 --> ...                          [tcl] #</WindowLayout>
11:49:39    532 --> ...                              [tcl] #<Database>
11:49:39    533 --> ...                                  [tcl] gui_set_precision 1s
11:49:39    534 --> ...                                      [tcl] gui_set_time_units 1s
11:49:39    535 --> ...                                          [tcl] #</Database>
11:49:39    536 --> ...                                              [tcl] # DVE Global setting session:
11:49:39    537 --> ...                                                  [tcl] # Global: Breakpoints
11:49:39    538 --> ...                                                      [tcl] # Global: Bus
11:49:39    539 --> ...                                                          [tcl] # Global: Expressions
11:49:39    540 --> ...                                                              [tcl] # Global: Signal Time Shift
11:49:39    541 --> ...                                                                  [tcl] # Global: Signal Compare
11:49:39    542 --> ...                                                                      [tcl] # Global: Signal Groups
11:49:39    543 --> ...                                                                          [tcl] # Global: Highlighting
11:49:39    544 --> ...                                                                              [tcl] # Global: Stack
11:49:39    545 --> ...                                                                                  [tcl] gui_change_stack_mode -mode list
11:49:39    546 --> ...                                                                                      [tcl] synopsys::xml {set_only_active_frame <data value="1" />}
11:49:39    547 --> ...                                                                                          [tcl] # Post database loading setting...
11:49:39    548 --> ...                                                                                              [tcl] # Save global setting...
11:49:39    549 --> ...                                                                                                  [tcl] # Wave/List view global setting
11:49:39    550 --> ...  [tcl] gui_cov_show_value -switch false
11:49:39    551 --> ...      [tcl] # Close all empty TopLevel windows
11:49:39    552 --> ...          [tcl] foreach __top [gui_ekki_get_window_ids -type TopLevel] {     if { [llength [gui_ekki_get_window_ids -parent $__top]] == 0} {         gui_close_window -window $__top     } }
11:49:39    553 --> ...              [tcl] gui_set_loading_session_type noSession
11:49:39    554 --> ...                  [tcl] # DVE View/pane content session:
11:49:39    555 --> ...                      [tcl] # Hier 'Hier.1'
11:49:39    556 --> ...                          [tcl] gui_show_window -window ${Hier.1}
11:49:39    557 --> ...                              [tcl] gui_list_set_filter -id ${Hier.1} -list { {Package 1} {All 0} {Process 1} {VirtPowSwitch 0} {UnnamedProcess 1} {UDP 0} {Function 1} {Block 1} {SrsnAndSpaCell 0} {OVA Unit 1} {LeafScCell 1} {LeafVlgCell 1} {Interface 1} {LeafVhdCell 1} {$unit 1} {NamedBlock 1} {Task 1} {VlgPackage 1} {ClassDef 1} {VirtIsoCell 0} }
11:49:39    558 --> ...                                  [tcl] gui_list_set_filter -id ${Hier.1} -text {*}
11:49:39    559 --> ...                                      [tcl] gui_change_design -id ${Hier.1} -design Sim
11:49:39    560 --> ...                                          [tcl] catch {gui_list_select -id ${Hier.1} {receiver_fixture}}
11:49:39    561 --> ...                                              [tcl] dveMisc::vbusExpand receiver_fixture
11:49:39    562 --> ...                                                  [tcl] gui_view_scroll -id ${Hier.1} -vertical -set 0
11:49:39    563 --> ...                                                      [tcl] gui_view_scroll -id ${Hier.1} -horizontal -set 0
11:49:39    564 --> ...                                                          [tcl] # Data 'Data.1'
11:49:39    565 --> ...                                                              [tcl] gui_list_set_filter -id ${Data.1} -list { {Buffer 1} {Input 1} {Others 1} {Linkage 1} {Output 1} {LowPower 1} {Parameter 1} {All 1} {Aggregate 1} {LibBaseMember 1} {Event 1} {Assertion 1} {Constant 1} {Interface 1} {BaseMembers 1} {Signal 1} {$unit 1} {Inout 1} {Variable 1} }
11:49:39    566 --> ...                                                                  [tcl] gui_list_set_filter -id ${Data.1} -text {*}
11:49:39    567 --> ...                                                                      [tcl] gui_list_show_data -id ${Data.1} {receiver_fixture}
11:49:39    568 --> ...                                                                          [tcl] gui_show_window -window ${Data.1}
11:49:39    569 --> ...                                                                              [tcl] catch { gui_list_select -id ${Data.1} {receiver_fixture.stop_packet_send }}
11:49:39    570 --> ...                                                                                  [tcl] gui_view_scroll -id ${Data.1} -vertical -set 0
11:49:39    571 --> ...                                                                                      [tcl] gui_view_scroll -id ${Data.1} -horizontal -set 0
11:49:39    572 --> ...                                                                                          [tcl] gui_view_scroll -id ${Hier.1} -vertical -set 0
11:49:39    573 --> ...                                                                                              [tcl] gui_view_scroll -id ${Hier.1} -horizontal -set 0
11:49:39    574 --> ...                                                                                                  [tcl] # Source 'Source.1'
11:49:39    575 --> ...  [tcl] gui_src_value_annotate -id ${Source.1} -switch false
11:49:39    576 --> ...      [tcl] gui_set_env TOGGLE::VALUEANNOTATE 0
11:49:39    577 --> ...          [tcl] gui_open_source -id ${Source.1}  -replace -active receiver_fixture.rf /gaia/class/cs2731/cs27314/term_project/packet_receiver.v
11:49:39    578 --> ...              [tcl] gui_view_scroll -id ${Source.1} -vertical -set 270
11:49:39    579 --> ...                  [tcl] gui_src_set_reusable -id ${Source.1}
11:49:40    580 --> ...                      [tcl] # Restore toplevel window zorder
11:49:40    581 --> ...                          [tcl] # The toplevel window could be closed if it has no view/pane
11:49:40    582 --> ...                              [tcl] if {[gui_exist_window -window ${TopLevel.1}]} { 	gui_set_active_window -window ${TopLevel.1} 	gui_set_active_window -window ${Source.1} 	gui_set_active_window -window ${DLPane.1} }
11:49:40    583 --> ...                                  [tcl] #</Session>
11:49:42    584 --> ...                                      [tcl] synopsys::next
11:49:42    585 --> ...                                          [tcl] set ucliGUI::state
11:49:42    586 --> ...                                              [tcl] gui_update_simulator_buttons
11:49:42    587 --> ...                                                  [tcl] set ucliGUI::state
11:49:42    588 --> ...                                                      [tcl] catch {senv activeDomain} dveMisc::result 
11:49:42    589 --> ...                                                          [tcl] set dveMisc::result
11:49:42    590 --> ...                                                              [tcl] gui_update_simulator_buttons
11:49:43    591 --> ...                                                                  [tcl] synopsys::next
11:49:43    592 --> ...                                                                      [tcl] set ucliGUI::state
11:49:43    593 --> ...                                                                          [tcl] gui_update_simulator_buttons
11:49:43    594 --> ...                                                                              [tcl] set ucliGUI::state
11:49:43    595 --> ...                                                                                  [tcl] catch {senv activeDomain} dveMisc::result 
11:49:43    596 --> ...                                                                                      [tcl] set dveMisc::result
11:49:43    597 --> ...                                                                                          [tcl] gui_update_simulator_buttons
11:49:43    598 --> ...                                                                                              [tcl] dveMisc::vbusExpand receiver_fixture.clock_1_thread
11:49:44    599 --> ...                                                                                                  [tcl] synopsys::next
11:49:44    600 --> ...  [tcl] set ucliGUI::state
11:49:44    601 --> ...      [tcl] gui_update_simulator_buttons
11:49:44    602 --> ...          [tcl] set ucliGUI::state
11:49:44    603 --> ...              [tcl] catch {senv activeDomain} dveMisc::result 
11:49:44    604 --> ...                  [tcl] set dveMisc::result
11:49:44    605 --> ...                      [tcl] gui_update_simulator_buttons
11:49:44    606 --> ...                          [tcl] dveMisc::vbusExpand receiver_fixture.stimulus_thread
11:49:52    607 --> ...                              [tcl] if [catch {gui_sim_terminate}] {gui_sim_terminate -kill}
11:49:52    608 --> ...                                  [tcl] synopsys::finish
11:49:52    609 --> ...                                      [tcl] set ucliGUI::state
11:49:52    610 --> ...                                          [tcl] gui_update_simulator_buttons
11:49:52    611 --> ...                                              [tcl] set ucliGUI::state
11:49:52    612 --> ...                                                  [tcl] catch {senv activeDomain} dveMisc::result 
11:49:52    613 --> ...                                                      [tcl] set dveMisc::result
11:49:52    614 --> ...                                                          [tcl] gui_update_simulator_buttons
11:49:52    615 --> ...                                                              [tcl] catch {senv activeDomain} dveMisc::result 
11:49:52    616 --> ...                                                                  [tcl] set dveMisc::result
11:49:52    617 --> ...                                                                      [tcl] ucli_exit
